INFO  - 2015-10-12 08:50:26.933; org.eclipse.jetty.server.Server; jetty-8.1.10.v20130312
INFO  - 2015-10-12 08:50:26.959; org.eclipse.jetty.deploy.providers.ScanningAppProvider; Deployment monitor /home/eslider/Projects/dbsimm-flimas/bin/solr/example/contexts at interval 0
INFO  - 2015-10-12 08:50:26.965; org.eclipse.jetty.deploy.DeploymentManager; Deployable added: /home/eslider/Projects/dbsimm-flimas/bin/solr/example/contexts/solr-jetty-context.xml
INFO  - 2015-10-12 08:50:27.896; org.eclipse.jetty.webapp.StandardDescriptorProcessor; NO JSP Support for /solr, did not find org.apache.jasper.servlet.JspServlet
INFO  - 2015-10-12 08:50:27.940; org.apache.solr.servlet.SolrDispatchFilter; SolrDispatchFilter.init()
INFO  - 2015-10-12 08:50:27.949; org.apache.solr.core.SolrResourceLoader; JNDI not configured for solr (NoInitialContextEx)
INFO  - 2015-10-12 08:50:27.949; org.apache.solr.core.SolrResourceLoader; using system property solr.solr.home: /home/eslider/Projects/dbsimm-flimas/bin/solr/example/../../../application/solr/solr/
INFO  - 2015-10-12 08:50:27.950; org.apache.solr.core.SolrResourceLoader; new SolrResourceLoader for directory: '/home/eslider/Projects/dbsimm-flimas/bin/solr/example/../../../application/solr/solr/'
INFO  - 2015-10-12 08:50:28.062; org.apache.solr.core.ConfigSolr; Loading container configuration from /home/eslider/Projects/dbsimm-flimas/bin/solr/example/../../../application/solr/solr/solr.xml
INFO  - 2015-10-12 08:50:28.147; org.apache.solr.core.CoreContainer; New CoreContainer 1514476350
INFO  - 2015-10-12 08:50:28.148; org.apache.solr.core.CoreContainer; Loading cores into CoreContainer [instanceDir=/home/eslider/Projects/dbsimm-flimas/bin/solr/example/../../../application/solr/solr/]
INFO  - 2015-10-12 08:50:28.159; org.apache.solr.handler.component.HttpShardHandlerFactory; Setting socketTimeout to: 0
INFO  - 2015-10-12 08:50:28.159; org.apache.solr.handler.component.HttpShardHandlerFactory; Setting urlScheme to: null
INFO  - 2015-10-12 08:50:28.160; org.apache.solr.handler.component.HttpShardHandlerFactory; Setting connTimeout to: 0
INFO  - 2015-10-12 08:50:28.160; org.apache.solr.handler.component.HttpShardHandlerFactory; Setting maxConnectionsPerHost to: 20
INFO  - 2015-10-12 08:50:28.160; org.apache.solr.handler.component.HttpShardHandlerFactory; Setting corePoolSize to: 0
INFO  - 2015-10-12 08:50:28.162; org.apache.solr.handler.component.HttpShardHandlerFactory; Setting maximumPoolSize to: 2147483647
INFO  - 2015-10-12 08:50:28.162; org.apache.solr.handler.component.HttpShardHandlerFactory; Setting maxThreadIdleTime to: 5
INFO  - 2015-10-12 08:50:28.163; org.apache.solr.handler.component.HttpShardHandlerFactory; Setting sizeOfQueue to: -1
INFO  - 2015-10-12 08:50:28.163; org.apache.solr.handler.component.HttpShardHandlerFactory; Setting fairnessPolicy to: false
INFO  - 2015-10-12 08:50:28.163; org.apache.solr.handler.component.HttpShardHandlerFactory; Setting useRetries to: false
INFO  - 2015-10-12 08:50:28.285; org.apache.solr.update.UpdateShardHandler; Creating UpdateShardHandler HTTP client with params: socketTimeout=0&connTimeout=0&retry=true
INFO  - 2015-10-12 08:50:28.287; org.apache.solr.logging.LogWatcher; SLF4J impl is org.slf4j.impl.Log4jLoggerFactory
INFO  - 2015-10-12 08:50:28.288; org.apache.solr.logging.LogWatcher; Registering Log Listener [Log4j (org.slf4j.impl.Log4jLoggerFactory)]
INFO  - 2015-10-12 08:50:28.288; org.apache.solr.core.CoreContainer; Host Name: 
INFO  - 2015-10-12 08:50:28.323; org.apache.solr.core.SolrResourceLoader; new SolrResourceLoader for directory: '/home/eslider/Projects/dbsimm-flimas/bin/solr/example/../../../application/solr/solr/Digitizer/'
INFO  - 2015-10-12 08:50:28.323; org.apache.solr.core.SolrResourceLoader; new SolrResourceLoader for directory: '/home/eslider/Projects/dbsimm-flimas/bin/solr/example/../../../application/solr/solr/dbsimm/'
INFO  - 2015-10-12 08:50:28.323; org.apache.solr.core.SolrResourceLoader; new SolrResourceLoader for directory: '/home/eslider/Projects/dbsimm-flimas/bin/solr/example/../../../application/solr/solr/Immobilien/'
INFO  - 2015-10-12 08:50:28.375; org.apache.solr.core.SolrConfig; Using Lucene MatchVersion: 4.10.3
INFO  - 2015-10-12 08:50:28.381; org.apache.solr.core.SolrConfig; Using Lucene MatchVersion: 4.5.0
INFO  - 2015-10-12 08:50:28.386; org.apache.solr.core.SolrConfig; Using Lucene MatchVersion: 4.10.3
INFO  - 2015-10-12 08:50:28.455; org.apache.solr.core.SolrConfig; Loaded SolrConfig: solrconfig.xml
INFO  - 2015-10-12 08:50:28.455; org.apache.solr.core.SolrConfig; Loaded SolrConfig: solrconfig.xml
INFO  - 2015-10-12 08:50:28.455; org.apache.solr.core.SolrConfig; Loaded SolrConfig: solrconfig.xml
INFO  - 2015-10-12 08:50:28.480; org.apache.solr.schema.IndexSchema; Reading Solr Schema from /home/eslider/Projects/dbsimm-flimas/bin/solr/example/../../../application/solr/solr/Digitizer/conf/schema.xml
INFO  - 2015-10-12 08:50:28.480; org.apache.solr.schema.IndexSchema; Reading Solr Schema from /home/eslider/Projects/dbsimm-flimas/bin/solr/example/../../../application/solr/solr/Immobilien/conf/schema.xml
INFO  - 2015-10-12 08:50:28.481; org.apache.solr.schema.IndexSchema; Reading Solr Schema from /home/eslider/Projects/dbsimm-flimas/bin/solr/example/../../../application/solr/solr/dbsimm/conf/schema.xml
INFO  - 2015-10-12 08:50:28.495; org.apache.solr.schema.IndexSchema; [dbsimm] Schema name=DB-S-IMM
INFO  - 2015-10-12 08:50:28.499; org.apache.solr.schema.IndexSchema; [Immobilien] Schema name=Immobilien
INFO  - 2015-10-12 08:50:28.512; org.apache.solr.schema.IndexSchema; [Digitizer] Schema name=Digitizer
INFO  - 2015-10-12 08:50:28.558; org.apache.solr.schema.IndexSchema; default search field in schema is text
INFO  - 2015-10-12 08:50:28.559; org.apache.solr.schema.IndexSchema; query parser default operator is AND
INFO  - 2015-10-12 08:50:28.559; org.apache.solr.schema.IndexSchema; unique key field: id
INFO  - 2015-10-12 08:50:28.561; org.apache.solr.core.CoreContainer; Creating SolrCore 'dbsimm' using configuration from instancedir /home/eslider/Projects/dbsimm-flimas/bin/solr/example/../../../application/solr/solr/dbsimm/
INFO  - 2015-10-12 08:50:28.585; org.apache.solr.core.SolrCore; solr.StandardDirectoryFactory
INFO  - 2015-10-12 08:50:28.600; org.apache.solr.core.SolrCore; [dbsimm] Opening new SolrCore at /home/eslider/Projects/dbsimm-flimas/bin/solr/example/../../../application/solr/solr/dbsimm/, dataDir=/home/eslider/Projects/dbsimm-flimas/application/solr/solr/dbsimm/data/
INFO  - 2015-10-12 08:50:28.600; org.apache.solr.core.SolrCore; JMX monitoring not detected for core: dbsimm
INFO  - 2015-10-12 08:50:28.608; org.apache.solr.schema.IndexSchema; default search field in schema is text
INFO  - 2015-10-12 08:50:28.608; org.apache.solr.schema.IndexSchema; default search field in schema is text
INFO  - 2015-10-12 08:50:28.608; org.apache.solr.schema.IndexSchema; query parser default operator is AND
INFO  - 2015-10-12 08:50:28.608; org.apache.solr.schema.IndexSchema; query parser default operator is AND
INFO  - 2015-10-12 08:50:28.609; org.apache.solr.schema.IndexSchema; unique key field: id
INFO  - 2015-10-12 08:50:28.612; org.apache.solr.core.CoreContainer; Creating SolrCore 'Digitizer' using configuration from instancedir /home/eslider/Projects/dbsimm-flimas/bin/solr/example/../../../application/solr/solr/Digitizer/
INFO  - 2015-10-12 08:50:28.612; org.apache.solr.core.CachingDirectoryFactory; return new directory for /home/eslider/Projects/dbsimm-flimas/application/solr/solr/dbsimm/data
INFO  - 2015-10-12 08:50:28.612; org.apache.solr.core.SolrCore; solr.StandardDirectoryFactory
INFO  - 2015-10-12 08:50:28.613; org.apache.solr.core.SolrCore; [Digitizer] Opening new SolrCore at /home/eslider/Projects/dbsimm-flimas/bin/solr/example/../../../application/solr/solr/Digitizer/, dataDir=/home/eslider/Projects/dbsimm-flimas/application/solr/solr/Digitizer/data/
INFO  - 2015-10-12 08:50:28.613; org.apache.solr.core.SolrCore; JMX monitoring not detected for core: Digitizer
INFO  - 2015-10-12 08:50:28.613; org.apache.solr.core.CachingDirectoryFactory; return new directory for /home/eslider/Projects/dbsimm-flimas/application/solr/solr/Digitizer/data
INFO  - 2015-10-12 08:50:28.617; org.apache.solr.core.SolrCore; New index directory detected: old=null new=/home/eslider/Projects/dbsimm-flimas/application/solr/solr/Digitizer/data/index/
INFO  - 2015-10-12 08:50:28.617; org.apache.solr.schema.IndexSchema; unique key field: id
INFO  - 2015-10-12 08:50:28.617; org.apache.solr.core.CachingDirectoryFactory; return new directory for /home/eslider/Projects/dbsimm-flimas/application/solr/solr/Digitizer/data/index
INFO  - 2015-10-12 08:50:28.618; org.apache.solr.core.CoreContainer; Creating SolrCore 'Immobilien' using configuration from instancedir /home/eslider/Projects/dbsimm-flimas/bin/solr/example/../../../application/solr/solr/Immobilien/
INFO  - 2015-10-12 08:50:28.618; org.apache.solr.core.SolrCore; solr.StandardDirectoryFactory
INFO  - 2015-10-12 08:50:28.618; org.apache.solr.core.SolrCore; [Immobilien] Opening new SolrCore at /home/eslider/Projects/dbsimm-flimas/bin/solr/example/../../../application/solr/solr/Immobilien/, dataDir=/home/eslider/Projects/dbsimm-flimas/application/solr/solr/Immobilien/data/
INFO  - 2015-10-12 08:50:28.619; org.apache.solr.core.SolrCore; JMX monitoring not detected for core: Immobilien
INFO  - 2015-10-12 08:50:28.619; org.apache.solr.core.CachingDirectoryFactory; return new directory for /home/eslider/Projects/dbsimm-flimas/application/solr/solr/Immobilien/data
INFO  - 2015-10-12 08:50:28.619; org.apache.solr.core.SolrCore; New index directory detected: old=null new=/home/eslider/Projects/dbsimm-flimas/application/solr/solr/Immobilien/data/index/
INFO  - 2015-10-12 08:50:28.620; org.apache.solr.core.CachingDirectoryFactory; return new directory for /home/eslider/Projects/dbsimm-flimas/application/solr/solr/Immobilien/data/index
INFO  - 2015-10-12 08:50:28.617; org.apache.solr.core.SolrCore; New index directory detected: old=null new=/home/eslider/Projects/dbsimm-flimas/application/solr/solr/dbsimm/data/index/
INFO  - 2015-10-12 08:50:28.626; org.apache.solr.core.CachingDirectoryFactory; return new directory for /home/eslider/Projects/dbsimm-flimas/application/solr/solr/dbsimm/data/index
INFO  - 2015-10-12 08:50:28.683; org.apache.solr.core.SolrCore; no updateRequestProcessorChain defined as default, creating implicit default
INFO  - 2015-10-12 08:50:28.683; org.apache.solr.core.SolrCore; no updateRequestProcessorChain defined as default, creating implicit default
INFO  - 2015-10-12 08:50:28.683; org.apache.solr.core.SolrCore; no updateRequestProcessorChain defined as default, creating implicit default
INFO  - 2015-10-12 08:50:28.691; org.apache.solr.core.RequestHandlers; created /update: org.apache.solr.handler.UpdateRequestHandler
INFO  - 2015-10-12 08:50:28.691; org.apache.solr.core.RequestHandlers; created /update: org.apache.solr.handler.UpdateRequestHandler
INFO  - 2015-10-12 08:50:28.691; org.apache.solr.core.RequestHandlers; created /update: org.apache.solr.handler.UpdateRequestHandler
INFO  - 2015-10-12 08:50:28.692; org.apache.solr.core.RequestHandlers; created /update/json: org.apache.solr.handler.UpdateRequestHandler
INFO  - 2015-10-12 08:50:28.692; org.apache.solr.core.RequestHandlers; created /update/json: org.apache.solr.handler.UpdateRequestHandler
INFO  - 2015-10-12 08:50:28.693; org.apache.solr.core.RequestHandlers; created /update/csv: org.apache.solr.handler.UpdateRequestHandler
INFO  - 2015-10-12 08:50:28.692; org.apache.solr.core.RequestHandlers; created /update/json: org.apache.solr.handler.UpdateRequestHandler
INFO  - 2015-10-12 08:50:28.693; org.apache.solr.core.RequestHandlers; created /update/json/docs: org.apache.solr.handler.UpdateRequestHandler
INFO  - 2015-10-12 08:50:28.693; org.apache.solr.core.RequestHandlers; created /update/csv: org.apache.solr.handler.UpdateRequestHandler
INFO  - 2015-10-12 08:50:28.693; org.apache.solr.core.RequestHandlers; created /update/csv: org.apache.solr.handler.UpdateRequestHandler
INFO  - 2015-10-12 08:50:28.694; org.apache.solr.core.RequestHandlers; created /update/json/docs: org.apache.solr.handler.UpdateRequestHandler
INFO  - 2015-10-12 08:50:28.694; org.apache.solr.core.RequestHandlers; created /update/json/docs: org.apache.solr.handler.UpdateRequestHandler
INFO  - 2015-10-12 08:50:28.698; org.apache.solr.core.RequestHandlers; created /get: solr.RealTimeGetHandler
INFO  - 2015-10-12 08:50:28.698; org.apache.solr.core.RequestHandlers; created /get: solr.RealTimeGetHandler
INFO  - 2015-10-12 08:50:28.698; org.apache.solr.core.RequestHandlers; created /get: solr.RealTimeGetHandler
INFO  - 2015-10-12 08:50:28.699; org.apache.solr.core.RequestHandlers; adding lazy requestHandler: solr.ReplicationHandler
INFO  - 2015-10-12 08:50:28.699; org.apache.solr.core.RequestHandlers; adding lazy requestHandler: solr.ReplicationHandler
INFO  - 2015-10-12 08:50:28.699; org.apache.solr.core.RequestHandlers; adding lazy requestHandler: solr.ReplicationHandler
INFO  - 2015-10-12 08:50:28.700; org.apache.solr.core.RequestHandlers; created /replication: solr.ReplicationHandler
INFO  - 2015-10-12 08:50:28.700; org.apache.solr.core.RequestHandlers; created /replication: solr.ReplicationHandler
INFO  - 2015-10-12 08:50:28.700; org.apache.solr.core.RequestHandlers; created /replication: solr.ReplicationHandler
INFO  - 2015-10-12 08:50:28.702; org.apache.solr.core.RequestHandlers; created standard: solr.StandardRequestHandler
INFO  - 2015-10-12 08:50:28.702; org.apache.solr.core.RequestHandlers; created standard: solr.StandardRequestHandler
INFO  - 2015-10-12 08:50:28.702; org.apache.solr.core.RequestHandlers; created standard: solr.StandardRequestHandler
INFO  - 2015-10-12 08:50:28.702; org.apache.solr.core.RequestHandlers; adding lazy requestHandler: solr.FieldAnalysisRequestHandler
INFO  - 2015-10-12 08:50:28.703; org.apache.solr.core.RequestHandlers; adding lazy requestHandler: solr.FieldAnalysisRequestHandler
INFO  - 2015-10-12 08:50:28.703; org.apache.solr.core.RequestHandlers; adding lazy requestHandler: solr.FieldAnalysisRequestHandler
INFO  - 2015-10-12 08:50:28.703; org.apache.solr.core.RequestHandlers; created /analysis/field: solr.FieldAnalysisRequestHandler
INFO  - 2015-10-12 08:50:28.703; org.apache.solr.core.RequestHandlers; created /analysis/field: solr.FieldAnalysisRequestHandler
INFO  - 2015-10-12 08:50:28.703; org.apache.solr.core.RequestHandlers; created /analysis/field: solr.FieldAnalysisRequestHandler
WARN  - 2015-10-12 08:50:28.705; org.apache.solr.core.RequestHandlers; Multiple requestHandler registered to the same name: /update ignoring: org.apache.solr.handler.UpdateRequestHandler
WARN  - 2015-10-12 08:50:28.705; org.apache.solr.core.RequestHandlers; Multiple requestHandler registered to the same name: /update ignoring: org.apache.solr.handler.UpdateRequestHandler
INFO  - 2015-10-12 08:50:28.705; org.apache.solr.core.RequestHandlers; created /update: solr.UpdateRequestHandler
WARN  - 2015-10-12 08:50:28.705; org.apache.solr.core.RequestHandlers; Multiple requestHandler registered to the same name: /update ignoring: org.apache.solr.handler.UpdateRequestHandler
INFO  - 2015-10-12 08:50:28.706; org.apache.solr.core.RequestHandlers; created /update: solr.UpdateRequestHandler
INFO  - 2015-10-12 08:50:28.705; org.apache.solr.core.RequestHandlers; created /update: solr.UpdateRequestHandler
INFO  - 2015-10-12 08:50:28.706; org.apache.solr.core.RequestHandlers; created /admin/: org.apache.solr.handler.admin.AdminHandlers
INFO  - 2015-10-12 08:50:28.706; org.apache.solr.core.RequestHandlers; created /admin/: org.apache.solr.handler.admin.AdminHandlers
INFO  - 2015-10-12 08:50:28.706; org.apache.solr.core.RequestHandlers; created /admin/: org.apache.solr.handler.admin.AdminHandlers
INFO  - 2015-10-12 08:50:28.708; org.apache.solr.core.RequestHandlers; created /admin/ping: solr.PingRequestHandler
INFO  - 2015-10-12 08:50:28.708; org.apache.solr.core.RequestHandlers; created /admin/ping: solr.PingRequestHandler
INFO  - 2015-10-12 08:50:28.709; org.apache.solr.core.RequestHandlers; created /admin/ping: solr.PingRequestHandler
INFO  - 2015-10-12 08:50:28.721; org.apache.solr.handler.loader.XMLLoader; xsltCacheLifetimeSeconds=60
INFO  - 2015-10-12 08:50:28.721; org.apache.solr.handler.loader.XMLLoader; xsltCacheLifetimeSeconds=60
INFO  - 2015-10-12 08:50:28.721; org.apache.solr.handler.loader.XMLLoader; xsltCacheLifetimeSeconds=60
INFO  - 2015-10-12 08:50:28.723; org.apache.solr.handler.loader.XMLLoader; xsltCacheLifetimeSeconds=60
INFO  - 2015-10-12 08:50:28.723; org.apache.solr.handler.loader.XMLLoader; xsltCacheLifetimeSeconds=60
INFO  - 2015-10-12 08:50:28.724; org.apache.solr.handler.loader.XMLLoader; xsltCacheLifetimeSeconds=60
INFO  - 2015-10-12 08:50:28.724; org.apache.solr.handler.loader.XMLLoader; xsltCacheLifetimeSeconds=60
INFO  - 2015-10-12 08:50:28.724; org.apache.solr.handler.loader.XMLLoader; xsltCacheLifetimeSeconds=60
INFO  - 2015-10-12 08:50:28.724; org.apache.solr.handler.loader.XMLLoader; xsltCacheLifetimeSeconds=60
INFO  - 2015-10-12 08:50:28.724; org.apache.solr.handler.loader.XMLLoader; xsltCacheLifetimeSeconds=60
INFO  - 2015-10-12 08:50:28.725; org.apache.solr.handler.loader.XMLLoader; xsltCacheLifetimeSeconds=60
INFO  - 2015-10-12 08:50:28.725; org.apache.solr.handler.loader.XMLLoader; xsltCacheLifetimeSeconds=60
INFO  - 2015-10-12 08:50:28.726; org.apache.solr.handler.loader.XMLLoader; xsltCacheLifetimeSeconds=60
INFO  - 2015-10-12 08:50:28.726; org.apache.solr.handler.loader.XMLLoader; xsltCacheLifetimeSeconds=60
INFO  - 2015-10-12 08:50:28.726; org.apache.solr.handler.loader.XMLLoader; xsltCacheLifetimeSeconds=60
INFO  - 2015-10-12 08:50:28.738; org.apache.solr.update.CommitTracker; Hard AutoCommit: disabled
INFO  - 2015-10-12 08:50:28.738; org.apache.solr.update.CommitTracker; Hard AutoCommit: disabled
INFO  - 2015-10-12 08:50:28.738; org.apache.solr.update.CommitTracker; Hard AutoCommit: disabled
INFO  - 2015-10-12 08:50:28.739; org.apache.solr.update.CommitTracker; Soft AutoCommit: disabled
INFO  - 2015-10-12 08:50:28.739; org.apache.solr.update.CommitTracker; Soft AutoCommit: disabled
INFO  - 2015-10-12 08:50:28.739; org.apache.solr.update.CommitTracker; Soft AutoCommit: disabled
INFO  - 2015-10-12 08:50:28.766; org.apache.solr.core.SolrDeletionPolicy; SolrDeletionPolicy.onInit: commits: num=1
	commit{dir=/home/eslider/Projects/dbsimm-flimas/application/solr/solr/Digitizer/data/index,segFN=segments_1,generation=1}
INFO  - 2015-10-12 08:50:28.766; org.apache.solr.core.SolrDeletionPolicy; SolrDeletionPolicy.onInit: commits: num=1
	commit{dir=/home/eslider/Projects/dbsimm-flimas/application/solr/solr/Immobilien/data/index,segFN=segments_1,generation=1}
INFO  - 2015-10-12 08:50:28.766; org.apache.solr.core.SolrDeletionPolicy; SolrDeletionPolicy.onInit: commits: num=1
	commit{dir=/home/eslider/Projects/dbsimm-flimas/application/solr/solr/dbsimm/data/index,segFN=segments_1,generation=1}
INFO  - 2015-10-12 08:50:28.766; org.apache.solr.core.SolrDeletionPolicy; newest commit generation = 1
INFO  - 2015-10-12 08:50:28.766; org.apache.solr.core.SolrDeletionPolicy; newest commit generation = 1
INFO  - 2015-10-12 08:50:28.766; org.apache.solr.core.SolrDeletionPolicy; newest commit generation = 1
INFO  - 2015-10-12 08:50:28.773; org.apache.solr.search.SolrIndexSearcher; Opening Searcher@3c5f7f0b[Immobilien] main
INFO  - 2015-10-12 08:50:28.773; org.apache.solr.search.SolrIndexSearcher; Opening Searcher@3be3cce1[Digitizer] main
INFO  - 2015-10-12 08:50:28.773; org.apache.solr.search.SolrIndexSearcher; Opening Searcher@5bd4701[dbsimm] main
INFO  - 2015-10-12 08:50:28.778; org.apache.solr.rest.ManagedResourceStorage$FileStorageIO; File-based storage initialized to use dir: /home/eslider/Projects/dbsimm-flimas/bin/solr/example/../../../application/solr/solr/Immobilien/conf
INFO  - 2015-10-12 08:50:28.778; org.apache.solr.rest.ManagedResourceStorage$FileStorageIO; File-based storage initialized to use dir: /home/eslider/Projects/dbsimm-flimas/bin/solr/example/../../../application/solr/solr/Digitizer/conf
INFO  - 2015-10-12 08:50:28.778; org.apache.solr.rest.ManagedResourceStorage$FileStorageIO; File-based storage initialized to use dir: /home/eslider/Projects/dbsimm-flimas/bin/solr/example/../../../application/solr/solr/dbsimm/conf
INFO  - 2015-10-12 08:50:28.778; org.apache.solr.rest.RestManager; Initializing RestManager with initArgs: {storageDir=/home/eslider/Projects/dbsimm-flimas/bin/solr/example/../../../application/solr/solr/Digitizer/conf}
INFO  - 2015-10-12 08:50:28.778; org.apache.solr.rest.RestManager; Initializing RestManager with initArgs: {storageDir=/home/eslider/Projects/dbsimm-flimas/bin/solr/example/../../../application/solr/solr/Immobilien/conf}
INFO  - 2015-10-12 08:50:28.778; org.apache.solr.rest.RestManager; Initializing RestManager with initArgs: {storageDir=/home/eslider/Projects/dbsimm-flimas/bin/solr/example/../../../application/solr/solr/dbsimm/conf}
INFO  - 2015-10-12 08:50:28.786; org.apache.solr.rest.ManagedResourceStorage; Reading _rest_managed.json using file:dir=/home/eslider/Projects/dbsimm-flimas/bin/solr/example/../../../application/solr/solr/Immobilien/conf
INFO  - 2015-10-12 08:50:28.786; org.apache.solr.rest.ManagedResourceStorage; Reading _rest_managed.json using file:dir=/home/eslider/Projects/dbsimm-flimas/bin/solr/example/../../../application/solr/solr/Digitizer/conf
INFO  - 2015-10-12 08:50:28.786; org.apache.solr.rest.ManagedResourceStorage; Reading _rest_managed.json using file:dir=/home/eslider/Projects/dbsimm-flimas/bin/solr/example/../../../application/solr/solr/dbsimm/conf
INFO  - 2015-10-12 08:50:28.789; org.apache.solr.rest.ManagedResourceStorage; Loaded LinkedHashMap at path _rest_managed.json using file:dir=/home/eslider/Projects/dbsimm-flimas/bin/solr/example/../../../application/solr/solr/dbsimm/conf
INFO  - 2015-10-12 08:50:28.789; org.apache.solr.rest.ManagedResourceStorage; Loaded LinkedHashMap at path _rest_managed.json using file:dir=/home/eslider/Projects/dbsimm-flimas/bin/solr/example/../../../application/solr/solr/Immobilien/conf
INFO  - 2015-10-12 08:50:28.790; org.apache.solr.rest.ManagedResource; Loaded initArgs {} for /rest/managed
INFO  - 2015-10-12 08:50:28.790; org.apache.solr.rest.ManagedResource; Loaded initArgs {} for /rest/managed
INFO  - 2015-10-12 08:50:28.790; org.apache.solr.rest.RestManager; Initializing 0 registered ManagedResources
INFO  - 2015-10-12 08:50:28.790; org.apache.solr.rest.ManagedResourceStorage; Loaded LinkedHashMap at path _rest_managed.json using file:dir=/home/eslider/Projects/dbsimm-flimas/bin/solr/example/../../../application/solr/solr/Digitizer/conf
INFO  - 2015-10-12 08:50:28.790; org.apache.solr.rest.ManagedResource; Loaded initArgs {} for /rest/managed
INFO  - 2015-10-12 08:50:28.791; org.apache.solr.rest.RestManager; Initializing 0 registered ManagedResources
INFO  - 2015-10-12 08:50:28.790; org.apache.solr.rest.RestManager; Initializing 0 registered ManagedResources
INFO  - 2015-10-12 08:50:28.799; org.apache.solr.core.SolrCore; [Digitizer] Registered new searcher Searcher@3be3cce1[Digitizer] main{StandardDirectoryReader(segments_1:1:nrt)}
INFO  - 2015-10-12 08:50:28.799; org.apache.solr.core.CoreContainer; registering core: Digitizer
INFO  - 2015-10-12 08:50:28.799; org.apache.solr.core.CoreContainer; registering core: Immobilien
INFO  - 2015-10-12 08:50:28.799; org.apache.solr.core.SolrCore; [Immobilien] Registered new searcher Searcher@3c5f7f0b[Immobilien] main{StandardDirectoryReader(segments_1:1:nrt)}
INFO  - 2015-10-12 08:50:28.800; org.apache.solr.core.SolrResourceLoader; new SolrResourceLoader for directory: '/home/eslider/Projects/dbsimm-flimas/bin/solr/example/../../../application/solr/solr/dbsimm1/'
INFO  - 2015-10-12 08:50:28.799; org.apache.solr.core.SolrCore; [dbsimm] Registered new searcher Searcher@5bd4701[dbsimm] main{StandardDirectoryReader(segments_1:1:nrt)}
INFO  - 2015-10-12 08:50:28.799; org.apache.solr.core.CoreContainer; registering core: dbsimm
INFO  - 2015-10-12 08:50:28.815; org.apache.solr.core.SolrConfig; Using Lucene MatchVersion: 4.5.0
INFO  - 2015-10-12 08:50:28.825; org.apache.solr.core.SolrConfig; Loaded SolrConfig: solrconfig.xml
INFO  - 2015-10-12 08:50:28.826; org.apache.solr.schema.IndexSchema; Reading Solr Schema from /home/eslider/Projects/dbsimm-flimas/bin/solr/example/../../../application/solr/solr/dbsimm1/conf/schema.xml
INFO  - 2015-10-12 08:50:28.832; org.apache.solr.schema.IndexSchema; [dbsimm1] Schema name=DB-S-IMMs
INFO  - 2015-10-12 08:50:28.851; org.apache.solr.schema.IndexSchema; default search field in schema is text
INFO  - 2015-10-12 08:50:28.851; org.apache.solr.schema.IndexSchema; query parser default operator is AND
INFO  - 2015-10-12 08:50:28.852; org.apache.solr.schema.IndexSchema; unique key field: id
INFO  - 2015-10-12 08:50:28.852; org.apache.solr.core.CoreContainer; Creating SolrCore 'dbsimm1' using configuration from instancedir /home/eslider/Projects/dbsimm-flimas/bin/solr/example/../../../application/solr/solr/dbsimm1/
INFO  - 2015-10-12 08:50:28.852; org.apache.solr.core.SolrCore; solr.StandardDirectoryFactory
INFO  - 2015-10-12 08:50:28.853; org.apache.solr.core.SolrCore; [dbsimm1] Opening new SolrCore at /home/eslider/Projects/dbsimm-flimas/bin/solr/example/../../../application/solr/solr/dbsimm1/, dataDir=/home/eslider/Projects/dbsimm-flimas/application/solr/solr/dbsimm1/data/
INFO  - 2015-10-12 08:50:28.853; org.apache.solr.core.SolrCore; JMX monitoring not detected for core: dbsimm1
INFO  - 2015-10-12 08:50:28.853; org.apache.solr.core.CachingDirectoryFactory; return new directory for /home/eslider/Projects/dbsimm-flimas/application/solr/solr/dbsimm1/data
INFO  - 2015-10-12 08:50:28.884; org.apache.solr.core.SolrCore; New index directory detected: old=null new=/home/eslider/Projects/dbsimm-flimas/application/solr/solr/dbsimm1/data/index/
INFO  - 2015-10-12 08:50:28.885; org.apache.solr.core.CachingDirectoryFactory; return new directory for /home/eslider/Projects/dbsimm-flimas/application/solr/solr/dbsimm1/data/index
INFO  - 2015-10-12 08:50:28.886; org.apache.solr.core.SolrCore; no updateRequestProcessorChain defined as default, creating implicit default
INFO  - 2015-10-12 08:50:28.886; org.apache.solr.core.RequestHandlers; created /update: org.apache.solr.handler.UpdateRequestHandler
INFO  - 2015-10-12 08:50:28.886; org.apache.solr.core.RequestHandlers; created /update/json: org.apache.solr.handler.UpdateRequestHandler
INFO  - 2015-10-12 08:50:28.887; org.apache.solr.core.RequestHandlers; created /update/csv: org.apache.solr.handler.UpdateRequestHandler
INFO  - 2015-10-12 08:50:28.887; org.apache.solr.core.RequestHandlers; created /update/json/docs: org.apache.solr.handler.UpdateRequestHandler
INFO  - 2015-10-12 08:50:28.887; org.apache.solr.core.RequestHandlers; created /get: solr.RealTimeGetHandler
INFO  - 2015-10-12 08:50:28.887; org.apache.solr.core.RequestHandlers; adding lazy requestHandler: solr.ReplicationHandler
INFO  - 2015-10-12 08:50:28.888; org.apache.solr.core.RequestHandlers; created /replication: solr.ReplicationHandler
INFO  - 2015-10-12 08:50:28.888; org.apache.solr.core.RequestHandlers; created standard: solr.StandardRequestHandler
INFO  - 2015-10-12 08:50:28.888; org.apache.solr.core.RequestHandlers; adding lazy requestHandler: solr.FieldAnalysisRequestHandler
INFO  - 2015-10-12 08:50:28.888; org.apache.solr.core.RequestHandlers; created /analysis/field: solr.FieldAnalysisRequestHandler
WARN  - 2015-10-12 08:50:28.888; org.apache.solr.core.RequestHandlers; Multiple requestHandler registered to the same name: /update ignoring: org.apache.solr.handler.UpdateRequestHandler
INFO  - 2015-10-12 08:50:28.888; org.apache.solr.core.RequestHandlers; created /update: solr.UpdateRequestHandler
INFO  - 2015-10-12 08:50:28.888; org.apache.solr.core.RequestHandlers; created /admin/: org.apache.solr.handler.admin.AdminHandlers
INFO  - 2015-10-12 08:50:28.888; org.apache.solr.core.RequestHandlers; created /admin/ping: solr.PingRequestHandler
INFO  - 2015-10-12 08:50:28.889; org.apache.solr.handler.loader.XMLLoader; xsltCacheLifetimeSeconds=60
INFO  - 2015-10-12 08:50:28.890; org.apache.solr.handler.loader.XMLLoader; xsltCacheLifetimeSeconds=60
INFO  - 2015-10-12 08:50:28.890; org.apache.solr.handler.loader.XMLLoader; xsltCacheLifetimeSeconds=60
INFO  - 2015-10-12 08:50:28.891; org.apache.solr.handler.loader.XMLLoader; xsltCacheLifetimeSeconds=60
INFO  - 2015-10-12 08:50:28.892; org.apache.solr.handler.loader.XMLLoader; xsltCacheLifetimeSeconds=60
INFO  - 2015-10-12 08:50:28.893; org.apache.solr.update.CommitTracker; Hard AutoCommit: disabled
INFO  - 2015-10-12 08:50:28.893; org.apache.solr.update.CommitTracker; Soft AutoCommit: disabled
INFO  - 2015-10-12 08:50:28.894; org.apache.solr.core.SolrDeletionPolicy; SolrDeletionPolicy.onInit: commits: num=1
	commit{dir=/home/eslider/Projects/dbsimm-flimas/application/solr/solr/dbsimm1/data/index,segFN=segments_1,generation=1}
INFO  - 2015-10-12 08:50:28.894; org.apache.solr.core.SolrDeletionPolicy; newest commit generation = 1
INFO  - 2015-10-12 08:50:28.895; org.apache.solr.search.SolrIndexSearcher; Opening Searcher@a11b7b8[dbsimm1] main
INFO  - 2015-10-12 08:50:28.895; org.apache.solr.rest.ManagedResourceStorage$FileStorageIO; File-based storage initialized to use dir: /home/eslider/Projects/dbsimm-flimas/bin/solr/example/../../../application/solr/solr/dbsimm1/conf
INFO  - 2015-10-12 08:50:28.895; org.apache.solr.rest.RestManager; Initializing RestManager with initArgs: {storageDir=/home/eslider/Projects/dbsimm-flimas/bin/solr/example/../../../application/solr/solr/dbsimm1/conf}
INFO  - 2015-10-12 08:50:28.895; org.apache.solr.rest.ManagedResourceStorage; Reading _rest_managed.json using file:dir=/home/eslider/Projects/dbsimm-flimas/bin/solr/example/../../../application/solr/solr/dbsimm1/conf
INFO  - 2015-10-12 08:50:28.896; org.apache.solr.rest.ManagedResourceStorage; Loaded LinkedHashMap at path _rest_managed.json using file:dir=/home/eslider/Projects/dbsimm-flimas/bin/solr/example/../../../application/solr/solr/dbsimm1/conf
INFO  - 2015-10-12 08:50:28.896; org.apache.solr.rest.ManagedResource; Loaded initArgs {} for /rest/managed
INFO  - 2015-10-12 08:50:28.896; org.apache.solr.rest.RestManager; Initializing 0 registered ManagedResources
INFO  - 2015-10-12 08:50:28.897; org.apache.solr.core.SolrCore; [dbsimm1] Registered new searcher Searcher@a11b7b8[dbsimm1] main{StandardDirectoryReader(segments_1:1:nrt)}
INFO  - 2015-10-12 08:50:28.897; org.apache.solr.core.CoreContainer; registering core: dbsimm1
INFO  - 2015-10-12 08:50:28.899; org.apache.solr.servlet.SolrDispatchFilter; user.dir=/home/eslider/Projects/dbsimm-flimas/bin/solr/example
INFO  - 2015-10-12 08:50:28.899; org.apache.solr.servlet.SolrDispatchFilter; SolrDispatchFilter.init() done
INFO  - 2015-10-12 08:50:28.918; org.eclipse.jetty.server.AbstractConnector; Started SocketConnector@0.0.0.0:8081
INFO  - 2015-10-12 08:50:32.954; org.apache.solr.servlet.SolrDispatchFilter; [admin] webapp=null path=/admin/cores params={indexInfo=false&wt=json&_=1444639832940} status=0 QTime=6 
INFO  - 2015-10-12 08:50:33.066; org.apache.solr.servlet.SolrDispatchFilter; [admin] webapp=null path=/admin/info/system params={wt=json&_=1444639832993} status=0 QTime=69 
INFO  - 2015-10-12 08:50:33.094; org.apache.solr.servlet.SolrDispatchFilter; [admin] webapp=null path=/admin/cores params={wt=json&_=1444639833087} status=0 QTime=2 
